adult:
    Stream_SGD_f0de8727_0,gh1xihzj,/home/gs/SNA/wandb/run-20250627_120256-gh1xihzj/files
    Stream_SGD_Avg_d32484f2_0,ls5o0n09,/home/gs/SNA/wandb/run-20250627_120313-ls5o0n09/files
    Stream_mSNA_Avg_init_hess-10d_86960955_0,41apkewm,/home/gs/SNA/wandb/run-20250627_120329-41apkewm/files
    Stream_mSNA_init_hess-10d_d31f0e5e_0,4qsigi3p,/home/gs/SNA/wandb/run-20250627_120346-4qsigi3p/files
connect-4:
    Stream_SGD_d170a825_0,rzawo9pc,/home/gs/SNA/wandb/run-20250627_120402-rzawo9pc/files
    Stream_SGD_Avg_a1d1fd81_0,jf9r2iie,/home/gs/SNA/wandb/run-20250627_120419-jf9r2iie/files
    Stream_mSNA_Avg_init_hess-10d_d1ca553d_0,i5vxhwqw,/home/gs/SNA/wandb/run-20250627_120435-i5vxhwqw/files
    Stream_mSNA_init_hess-10d_d887237c_0,ozhmlcm8,/home/gs/SNA/wandb/run-20250627_120452-ozhmlcm8/files
covtype_sklearn:
    Stream_SGD_4364645c_0,b7a79xc0,/home/gs/SNA/wandb/run-20250627_120508-b7a79xc0/files
    Stream_SGD_Avg_26720782_0,ufq5eg7a,/home/gs/SNA/wandb/run-20250627_120557-ufq5eg7a/files
    Stream_mSNA_Avg_init_hess-10d_05ef7497_0,g8285k6i,/home/gs/SNA/wandb/run-20250627_120644-g8285k6i/files
    Stream_mSNA_init_hess-10d_32184536_0,ohbj1am1,/home/gs/SNA/wandb/run-20250627_120737-ohbj1am1/files
    Stream_SGD_2fa2e7fb_0,fkcq0hpy,/home/gs/SNA/wandb/run-20250627_131746-fkcq0hpy/files
    Stream_SGD_Avg_d434c120_0,xldhlysv,/home/gs/SNA/wandb/run-20250627_131832-xldhlysv/files
    Stream_mSNA_Avg_init_hess-10d_1e115244_0,xw09y5tt,/home/gs/SNA/wandb/run-20250627_131917-xw09y5tt/files
    Stream_mSNA_init_hess-10d_f2f85916_0,rnuhh6kl,/home/gs/SNA/wandb/run-20250627_132006-rnuhh6kl/files
mnist:
    Stream_SGD_2c4b8a19_0,2cwjci42,/home/gs/SNA/wandb/run-20250627_120832-2cwjci42/files
    Stream_SGD_Avg_796e4a92_0,z3zu2k19,/home/gs/SNA/wandb/run-20250627_120848-z3zu2k19/files
    Stream_mSNA_Avg_init_hess-10d_cb710d09_0,1tfc7jbe,/home/gs/SNA/wandb/run-20250627_120905-1tfc7jbe/files
    Stream_mSNA_init_hess-10d_a04c20de_0,mbsunl4d,/home/gs/SNA/wandb/run-20250627_120922-mbsunl4d/files
mushrooms:
    Stream_SGD_37ef6d64_0,ph6eqxwj,/home/gs/SNA/wandb/run-20250627_120938-ph6eqxwj/files
    Stream_SGD_Avg_083289c6_0,gypc40ty,/home/gs/SNA/wandb/run-20250627_120955-gypc40ty/files
    Stream_mSNA_Avg_init_hess-10d_9d92957e_0,m026f5v6,/home/gs/SNA/wandb/run-20250627_121011-m026f5v6/files
    Stream_mSNA_init_hess-10d_dbc1b002_0,t37ywcqz,/home/gs/SNA/wandb/run-20250627_121027-t37ywcqz/files
phishing:
    Stream_SGD_9e6de265_0,itz8ef71,/home/gs/SNA/wandb/run-20250627_121044-itz8ef71/files
    Stream_SGD_Avg_a5293891_0,jwr88btz,/home/gs/SNA/wandb/run-20250627_121100-jwr88btz/files
    Stream_mSNA_Avg_init_hess-10d_01ab8610_0,agv7xkbz,/home/gs/SNA/wandb/run-20250627_121117-agv7xkbz/files
    Stream_mSNA_init_hess-10d_2bd59ec1_0,ojsb2nyt,/home/gs/SNA/wandb/run-20250627_121133-ojsb2nyt/files
linear_random_d-1000_N-1e7:
    Stream_SGD_1b5e6ba4_0,wpkfnsuv,/home/gs/SNA/wandb/run-20250701_014049-wpkfnsuv/files
    Stream_SGD_Avg_c0dbb2be_0,cayyh3do,/home/gs/SNA/wandb/run-20250701_014230-cayyh3do/files
    Stream_mSNA_1abfc9c6_0,mpjuutl4,/home/gs/SNA/wandb/run-20250701_014411-mpjuutl4/files
    Stream_mSNA_Avg_b695be87_0,l6kt502a,/home/gs/SNA/wandb/run-20250701_015434-l6kt502a/files
    Stream_mSNA_Avg_ell-0_25_d66f55c6_0,zrn7j6qj,/home/gs/SNA/wandb/run-20250701_020446-zrn7j6qj/files
    Stream_mSNA_Avg_ell-0_5_0da01534_0,lafle9j1,/home/gs/SNA/wandb/run-20250701_021512-lafle9j1/files
    Stream_mSNA_ell-0_25_301a0854_0,mhztx95g,/home/gs/SNA/wandb/run-20250701_022551-mhztx95g/files
    Stream_mSNA_ell-0_5_fdcde78b_0,vcizsjuq,/home/gs/SNA/wandb/run-20250701_023617-vcizsjuq/files
logistic_random_d-1000_N-1e7:
    Stream_SGD_3a2c2575_0,0whp4j47,/home/gs/SNA/wandb/run-20250701_024820-0whp4j47/files
    Stream_SGD_Avg_0cd03b7f_0,1t375j7r,/home/gs/SNA/wandb/run-20250701_025012-1t375j7r/files
    Stream_mSNA_cfaaf173_0,kpymft5t,/home/gs/SNA/wandb/run-20250701_025204-kpymft5t/files
    Stream_mSNA_Avg_3cf329a0_0,3ifeetca,/home/gs/SNA/wandb/run-20250701_030214-3ifeetca/files
    Stream_mSNA_Avg_ell-0_25_ad682aa1_0,rh7y7kd5,/home/gs/SNA/wandb/run-20250701_031219-rh7y7kd5/files
    Stream_mSNA_Avg_ell-0_5_6d63165c_0,m72iyjgv,/home/gs/SNA/wandb/run-20250701_032243-m72iyjgv/files
    Stream_mSNA_ell-0_25_a95f853a_0,wp1brf3g,/home/gs/SNA/wandb/run-20250701_033257-wp1brf3g/files
    Stream_mSNA_ell-0_5_6e6a6887_0,nz7r4us6,/home/gs/SNA/wandb/run-20250701_034319-nz7r4us6/files
